<?xml version="1.0" encoding="UTF-8"?>
<!-- Generated by org.testng.reporters.JUnitXMLReporter -->
<testsuite ignored="0" hostname="VR" failures="0" tests="4" name="Surefire test" time="7.601" errors="0" timestamp="2024-12-12T00:35:08 IST">
  <testcase classname="api.test.TC001_UserTest" name="testPostUser" time="3.012"/>
  <testcase classname="api.test.TC001_UserTest" name="testGetUser" time="1.289"/>
  <testcase classname="api.test.TC001_UserTest" name="testPutUser" time="1.276"/>
  <testcase classname="api.test.TC001_UserTest" name="testDeleteUser" time="1.349"/>
</testsuite> <!-- Surefire test -->
