<?xml version="1.0" encoding="UTF-8"?>
<!-- Generated by org.testng.reporters.JUnitXMLReporter -->
<testsuite ignored="0" hostname="VR" failures="0" tests="3" name="Default test" time="12.985" errors="0" timestamp="2024-12-13T15:49:21 IST">
  <testcase classname="api.test.TC006_GorestDDT" name="testCreateUser" time="6.034"/>
  <testcase classname="api.test.TC006_GorestDDT" name="testCreateUser" time="2.433"/>
  <testcase classname="api.test.TC006_GorestDDT" name="testCreateUser" time="2.252"/>
</testsuite> <!-- Default test -->
