<?xml version="1.0" encoding="UTF-8"?>
<!-- Generated by org.testng.reporters.JUnitXMLReporter -->
<testsuite ignored="0" hostname="VR" failures="0" tests="3" name="Default test" time="6.936" errors="0" timestamp="2024-12-12T20:26:29 IST">
  <testcase classname="api.test.TC005_PetTest" name="testCreatePet" time="3.559"/>
  <testcase classname="api.test.TC005_PetTest" name="testGePet" time="1.381"/>
  <testcase classname="api.test.TC005_PetTest" name="testDeleteUser" time="1.309"/>
</testsuite> <!-- Default test -->
