<?xml version="1.0" encoding="UTF-8"?>
<!-- Generated by org.testng.reporters.JUnitXMLReporter -->
<testsuite ignored="0" hostname="VR" failures="0" tests="3" name="Test" time="14.636" errors="0" timestamp="2024-12-13T15:51:25 IST">
  <testcase classname="api.test.TC006_GorestDDT" name="testCreateUser" time="6.004"/>
  <testcase classname="api.test.TC006_GorestDDT" name="testCreateUser" time="2.743"/>
  <testcase classname="api.test.TC006_GorestDDT" name="testCreateUser" time="3.48"/>
</testsuite> <!-- Test -->
