<?xml version="1.0" encoding="UTF-8"?>
<!-- Generated by org.testng.reporters.JUnitXMLReporter -->
<testsuite ignored="0" hostname="VR" failures="0" tests="3" name="Test" time="7.549" errors="0" timestamp="2024-12-12T20:45:31 IST">
  <testcase classname="api.test.TC005_PetTest" name="testCreatePet" time="3.751"/>
  <testcase classname="api.test.TC005_PetTest" name="testGePet" time="1.46"/>
  <testcase classname="api.test.TC005_PetTest" name="testDeleteUser" time="1.445"/>
</testsuite> <!-- Test -->
