<?xml version="1.0" encoding="UTF-8"?>
<testng-results ignored="0" total="4" passed="4" failed="0" skipped="0">
  <reporter-output>
  </reporter-output>
  <suite started-at="2024-12-12T00:35:01 IST" name="Surefire suite" finished-at="2024-12-12T00:35:08 IST" duration-ms="7601">
    <groups>
    </groups>
    <test started-at="2024-12-12T00:35:01 IST" name="Surefire test" finished-at="2024-12-12T00:35:08 IST" duration-ms="7601">
      <class name="api.test.TC001_UserTest">
        <test-method is-config="true" signature="setUp()[pri:0, instance:api.test.TC001_UserTest@6193932a]" started-at="2024-12-12T00:35:01 IST" name="setUp" finished-at="2024-12-12T00:35:01 IST" duration-ms="643" status="PASS">
          <reporter-output>
          </reporter-output>
        </test-method> <!-- setUp -->
        <test-method signature="testPostUser()[pri:1, instance:api.test.TC001_UserTest@6193932a]" started-at="2024-12-12T00:35:01 IST" name="testPostUser" finished-at="2024-12-12T00:35:04 IST" duration-ms="3012" status="PASS">
          <reporter-output>
          </reporter-output>
        </test-method> <!-- testPostUser -->
        <test-method signature="testGetUser()[pri:2, instance:api.test.TC001_UserTest@6193932a]" started-at="2024-12-12T00:35:04 IST" name="testGetUser" finished-at="2024-12-12T00:35:06 IST" duration-ms="1289" status="PASS">
          <reporter-output>
          </reporter-output>
        </test-method> <!-- testGetUser -->
        <test-method signature="testPutUser()[pri:3, instance:api.test.TC001_UserTest@6193932a]" started-at="2024-12-12T00:35:06 IST" name="testPutUser" finished-at="2024-12-12T00:35:07 IST" duration-ms="1276" status="PASS">
          <reporter-output>
          </reporter-output>
        </test-method> <!-- testPutUser -->
        <test-method signature="testDeleteUser()[pri:4, instance:api.test.TC001_UserTest@6193932a]" started-at="2024-12-12T00:35:07 IST" name="testDeleteUser" finished-at="2024-12-12T00:35:08 IST" duration-ms="1349" status="PASS">
          <reporter-output>
          </reporter-output>
        </test-method> <!-- testDeleteUser -->
      </class> <!-- api.test.TC001_UserTest -->
    </test> <!-- Surefire test -->
  </suite> <!-- Surefire suite -->
</testng-results>
