<?xml version="1.0" encoding="UTF-8"?>
<testng-results ignored="0" total="3" passed="3" failed="0" skipped="0">
  <reporter-output>
  </reporter-output>
  <suite started-at="2024-12-13T15:51:10 IST" name="Suite" finished-at="2024-12-13T15:51:25 IST" duration-ms="14636">
    <groups>
    </groups>
    <test started-at="2024-12-13T15:51:10 IST" name="Test" finished-at="2024-12-13T15:51:25 IST" duration-ms="14636">
      <class name="api.test.TC006_GorestDDT">
        <test-method signature="testCreateUser(java.lang.String,java.lang.String,java.lang.String,java.lang.String)[pri:1, instance:api.test.TC006_GorestDDT@4d5650ae]" started-at="2024-12-13T15:51:13 IST" name="testCreateUser" data-provider="data" finished-at="2024-12-13T15:51:19 IST" duration-ms="6004" status="PASS">
          <params>
            <param index="0">
              <value>
                <![CDATA[Isabella Clark]]>
              </value>
            </param>
            <param index="1">
              <value>
                <![CDATA[isabella.clark@example.com]]>
              </value>
            </param>
            <param index="2">
              <value>
                <![CDATA[Female]]>
              </value>
            </param>
            <param index="3">
              <value>
                <![CDATA[inactive]]>
              </value>
            </param>
          </params>
          <reporter-output>
          </reporter-output>
        </test-method> <!-- testCreateUser -->
        <test-method signature="testCreateUser(java.lang.String,java.lang.String,java.lang.String,java.lang.String)[pri:1, instance:api.test.TC006_GorestDDT@4d5650ae]" started-at="2024-12-13T15:51:19 IST" name="testCreateUser" data-provider="data" finished-at="2024-12-13T15:51:21 IST" duration-ms="2743" status="PASS">
          <params>
            <param index="0">
              <value>
                <![CDATA[Ethan Martinez]]>
              </value>
            </param>
            <param index="1">
              <value>
                <![CDATA[ethan.martinez@example.com]]>
              </value>
            </param>
            <param index="2">
              <value>
                <![CDATA[Male]]>
              </value>
            </param>
            <param index="3">
              <value>
                <![CDATA[active]]>
              </value>
            </param>
          </params>
          <reporter-output>
          </reporter-output>
        </test-method> <!-- testCreateUser -->
        <test-method signature="testCreateUser(java.lang.String,java.lang.String,java.lang.String,java.lang.String)[pri:1, instance:api.test.TC006_GorestDDT@4d5650ae]" started-at="2024-12-13T15:51:21 IST" name="testCreateUser" data-provider="data" finished-at="2024-12-13T15:51:25 IST" duration-ms="3480" status="PASS">
          <params>
            <param index="0">
              <value>
                <![CDATA[Mia Robinson]]>
              </value>
            </param>
            <param index="1">
              <value>
                <![CDATA[mia.robinson@example.com]]>
              </value>
            </param>
            <param index="2">
              <value>
                <![CDATA[Female]]>
              </value>
            </param>
            <param index="3">
              <value>
                <![CDATA[active]]>
              </value>
            </param>
          </params>
          <reporter-output>
          </reporter-output>
        </test-method> <!-- testCreateUser -->
      </class> <!-- api.test.TC006_GorestDDT -->
    </test> <!-- Test -->
  </suite> <!-- Suite -->
</testng-results>
