<?xml version="1.0" encoding="UTF-8"?>
<testng-results ignored="0" total="3" passed="3" failed="0" skipped="0">
  <reporter-output>
  </reporter-output>
  <suite started-at="2024-12-12T20:45:23 IST" name="Suite" finished-at="2024-12-12T20:45:30 IST" duration-ms="7549">
    <groups>
    </groups>
    <test started-at="2024-12-12T20:45:23 IST" name="Test" finished-at="2024-12-12T20:45:30 IST" duration-ms="7549">
      <class name="api.test.TC005_PetTest">
        <test-method is-config="true" signature="setup()[pri:0, instance:api.test.TC005_PetTest@74ea2410]" started-at="2024-12-12T20:45:23 IST" name="setup" finished-at="2024-12-12T20:45:24 IST" duration-ms="606" status="PASS">
          <reporter-output>
          </reporter-output>
        </test-method> <!-- setup -->
        <test-method signature="testCreatePet()[pri:1, instance:api.test.TC005_PetTest@74ea2410]" started-at="2024-12-12T20:45:24 IST" name="testCreatePet" finished-at="2024-12-12T20:45:27 IST" duration-ms="3751" status="PASS">
          <reporter-output>
          </reporter-output>
        </test-method> <!-- testCreatePet -->
        <test-method signature="testGePet()[pri:2, instance:api.test.TC005_PetTest@74ea2410]" started-at="2024-12-12T20:45:27 IST" name="testGePet" finished-at="2024-12-12T20:45:29 IST" duration-ms="1460" status="PASS">
          <reporter-output>
          </reporter-output>
        </test-method> <!-- testGePet -->
        <test-method signature="testDeleteUser()[pri:4, instance:api.test.TC005_PetTest@74ea2410]" started-at="2024-12-12T20:45:29 IST" name="testDeleteUser" finished-at="2024-12-12T20:45:30 IST" duration-ms="1445" status="PASS">
          <reporter-output>
          </reporter-output>
        </test-method> <!-- testDeleteUser -->
      </class> <!-- api.test.TC005_PetTest -->
    </test> <!-- Test -->
  </suite> <!-- Suite -->
</testng-results>
